0.000448048
root file VBSVVH2016APV save
0.000414928
root file VBSVVH2016 save
0.000947382
root file VBSVVH2017 save
0.00146165
root file VBSVVH2018 save
root file DYJetsToLL_M-10to502016 save
root file DYJetsToLL_M-10to502016APV save
13.6595
root file DYJetsToLL_M-10to502017 save
root file DYJetsToLL_M-10to502018 save
1.26236
root file DYJetsToLL_M-502016 save
1.26236
root file DYJetsToLL_M-502016APV save
2.53608
root file DYJetsToLL_M-502017 save
6.9537
root file DYJetsToLL_M-502018 save
0.237443
root file EWKWMinus2Jets_WToLNu_M-502016 save
0.328827
root file EWKWMinus2Jets_WToLNu_M-502017 save
0.479481
root file EWKWMinus2Jets_WToLNu_M-502018 save
0.432918
root file EWKWPlus2Jets_WToLNu_M-502016 save
0.432918
root file EWKWPlus2Jets_WToLNu_M-502016APV save
0.464709
root file EWKWPlus2Jets_WToLNu_M-502017 save
0.563105
root file EWKWPlus2Jets_WToLNu_M-502018 save
0.0370094
root file EWKWminus2Jets_WToQQ_dipoleRecoilOn2016 save
0.0370094
root file EWKWminus2Jets_WToQQ_dipoleRecoilOn2016APV save
0.0586895
root file EWKWminus2Jets_WToQQ_dipoleRecoilOn2017 save
0.0666283
root file EWKWminus2Jets_WToQQ_dipoleRecoilOn2018 save
0.0410973
root file EWKWplus2Jets_WToQQ_dipoleRecoilOn2016 save
root file EWKWplus2Jets_WToQQ_dipoleRecoilOn2016APV save
root file EWKWplus2Jets_WToQQ_dipoleRecoilOn2017 save
0.0629347
root file EWKWplus2Jets_WToQQ_dipoleRecoilOn2018 save
0.230497
root file EWKZ2Jets_ZToLL_M-502016 save
0.230497
root file EWKZ2Jets_ZToLL_M-502016APV save
0.414556
root file EWKZ2Jets_ZToLL_M-502017 save
root file EWKZ2Jets_ZToNuNu_M-502016 save
root file EWKZ2Jets_ZToNuNu_M-502016APV save
root file EWKZ2Jets_ZToNuNu_M-502017 save
root file EWKZ2Jets_ZToNuNu_M-502018 save
root file EWKZ2Jets_ZToQQ_dipoleRecoilOn2016 save
root file EWKZ2Jets_ZToQQ_dipoleRecoilOn2016APV save
root file EWKZ2Jets_ZToQQ_dipoleRecoilOn2017 save
0.0645454
root file EWKZ2Jets_ZToQQ_dipoleRecoilOn2018 save
0
root file ST_t-channel_antitop_4f_InclusiveDecays2016 save
0
root file ST_t-channel_antitop_4f_InclusiveDecays2016APV save
0
root file ST_t-channel_antitop_4f_InclusiveDecays2017 save
0
root file ST_t-channel_antitop_4f_InclusiveDecays2018 save
0
root file ST_t-channel_top_4f_InclusiveDecays2016 save
0
root file ST_t-channel_top_4f_InclusiveDecays2016APV save
0
root file ST_t-channel_top_4f_InclusiveDecays2017 save
0
root file ST_t-channel_top_4f_InclusiveDecays2018 save
0
root file ST_tW_antitop_5f_inclusiveDecays2016 save
0
root file ST_tW_antitop_5f_inclusiveDecays2016APV save
0
root file ST_tW_antitop_5f_inclusiveDecays2017 save
0
root file ST_tW_antitop_5f_inclusiveDecays2018 save
0
root file ST_tW_top_5f_inclusiveDecays2016 save
0
root file ST_tW_top_5f_inclusiveDecays2016APV save
0
root file ST_tW_top_5f_inclusiveDecays2017 save
0
root file ST_tW_top_5f_inclusiveDecays2018 save
0.0417203
root file TTTo2L2Nu2016 save
0.0417203
root file TTTo2L2Nu2016APV save
0.0358858
root file TTTo2L2Nu2017 save
0.0455052
root file TTTo2L2Nu2018 save
0.0907206
root file TTToHadronic2016 save
0.0907206
root file TTToHadronic2016APV save
0.0770134
root file TTToHadronic2017 save
0.0811626
root file TTToHadronic2018 save
0.0649255
root file TTToSemiLeptonic2016 save
0.0649255
root file TTToSemiLeptonic2016APV save
0.0520983
root file TTToSemiLeptonic2017 save
0.0572332
root file TTToSemiLeptonic2018 save
0.00252525
root file TTWJetsToLNu2016 save
0.00252525
root file TTWJetsToLNu2016APV save
-0.00222231
root file TTWJetsToLNu2017 save
0.00308616
root file TTWJetsToLNu2018 save
0.000723544
root file TTWW2016 save
0.000723544
root file TTWW2016APV save
0.000691822
root file TTWW2017 save
0.000442581
root file TTWZ2016 save
-0.0033876
root file TTZToLLNuNu_M-102016 save
-0.0033876
root file TTZToLLNuNu_M-102016APV save
-0.00195232
root file TTZToLLNuNu_M-102017 save
0.00154605
root file TTZToLLNuNu_M-102018 save
0.000638396
root file TTbb_4f_TTTo2L2Nu2017 save
0.000637226
root file TTbb_4f_TTTo2L2Nu2018 save
0.00455077
root file TTbb_4f_TTToSemiLeptonic2016 save
0.00455077
root file TTbb_4f_TTToSemiLeptonic2016APV save
0.00368508
root file TTbb_4f_TTToSemiLeptonic2017 save
0.00348398
root file TTbb_4f_TTToSemiLeptonic2018 save
0.000179339
root file VBFWH_HToBB_WToLNu_M-125_dipoleRecoilOn2016 save
0.000179339
root file VBFWH_HToBB_WToLNu_M-125_dipoleRecoilOn2016APV save
0.00022474
root file VBFWH_HToBB_WToLNu_M-125_dipoleRecoilOn2017 save
0.000356568
root file VBFWH_HToBB_WToLNu_M-125_dipoleRecoilOn2018 save
-0.17321
root file VHToNonbb_M1252016 save
-0.17321
root file VHToNonbb_M1252016APV save
0.219093
root file VHToNonbb_M1252017 save
-0.216395
root file VHToNonbb_M1252018 save
root file WJetsToLNu_HT-100To2002016 save
root file WJetsToLNu_HT-100To2002016APV save
root file WJetsToLNu_HT-100To2002017 save
root file WJetsToLNu_HT-100To2002018 save
0.0112707
root file WJetsToLNu_HT-1200To25002016APV save
0.0100039
root file WJetsToLNu_HT-1200To25002017 save
0.0162007
root file WJetsToLNu_HT-1200To25002018 save
0.372563
root file WJetsToLNu_HT-200To4002016 save
0.372563
root file WJetsToLNu_HT-200To4002016APV save
0.347678
root file WJetsToLNu_HT-200To4002017 save
0.352033
root file WJetsToLNu_HT-200To4002018 save
0.00053228
root file WJetsToLNu_HT-2500ToInf2016 save
0.00053228
root file WJetsToLNu_HT-2500ToInf2016APV save
0.000882209
root file WJetsToLNu_HT-2500ToInf2017 save
0.00067054
root file WJetsToLNu_HT-2500ToInf2018 save
0.346557
root file WJetsToLNu_HT-400To6002016 save
0.346557
root file WJetsToLNu_HT-400To6002016APV save
0.331536
root file WJetsToLNu_HT-400To6002017 save
0.43714
root file WJetsToLNu_HT-400To6002018 save
0.092432
root file WJetsToLNu_HT-600To8002016 save
0.092432
root file WJetsToLNu_HT-600To8002016APV save
0.0956511
root file WJetsToLNu_HT-600To8002017 save
0.0898986
root file WJetsToLNu_HT-600To8002018 save
root file WJetsToLNu_HT-70To1002016 save
root file WJetsToLNu_HT-70To1002016APV save
root file WJetsToLNu_HT-70To1002017 save
root file WJetsToLNu_HT-70To1002018 save
0.0373497
root file WJetsToLNu_HT-800To12002016 save
0.0373497
root file WJetsToLNu_HT-800To12002016APV save
0.0416447
root file WJetsToLNu_HT-800To12002017 save
0.0493006
root file WJetsToLNu_HT-800To12002018 save
0
root file WWJJToLNuLNu_EWK_noTop2016 save
0
root file WWJJToLNuLNu_EWK_noTop2016APV save
0
root file WWJJToLNuLNu_EWK_noTop2017 save
0
root file WWJJToLNuLNu_EWK_noTop2018 save
0
root file WWTo1L1Nu2Q_4f2016 save
0
root file WWTo1L1Nu2Q_4f2016APV save
-0
root file WWTo1L1Nu2Q_4f2017 save
0
root file WWTo1L1Nu2Q_4f2018 save
0.0739576
root file WWTo2L2Nu2016 save
0.0739576
root file WWTo2L2Nu2016APV save
0.0670215
root file WWTo2L2Nu2017 save
0.0727238
root file WWTo2L2Nu2018 save
0.000164304
root file WWTolnulnu2016 save
0.000164304
root file WWTolnulnu2016APV save
0.00101928
root file WWTolnulnu2017 save
0.00247996
root file WWTolnulnu2018 save
0.000841572
root file WWW_4F2016 save
0.000841572
root file WWW_4F2016APV save
0.000985994
root file WWW_4F2017 save
0.00137817
root file WWW_4F2018 save
0.000832312
root file WWZ_4F2016 save
0.000832312
root file WWZ_4F2016APV save
0.0415613
root file WWZ_4F2017 save
0.00107486
root file WWZ_4F2018 save
0.000163546
root file WZJJ_EWK_InclusivePolarization2016 save
0.000163546
root file WZJJ_EWK_InclusivePolarization2016APV save
0.000361298
root file WZJJ_EWK_InclusivePolarization2017 save
0.000538948
root file WZJJ_EWK_InclusivePolarization2018 save
0
root file WZTo1L1Nu2Q_4f2016 save
0
root file WZTo1L1Nu2Q_4f2016APV save
0
root file WZTo1L1Nu2Q_4f2017 save
-0
root file WZTo1L1Nu2Q_4f2018 save
-0
root file WZTo1L3Nu_4f2016 save
-0
root file WZTo1L3Nu_4f2016APV save
0
root file WZTo1L3Nu_4f2017 save
0
root file WZTo1L3Nu_4f2018 save
0
root file WZTo2Q2L_mllmin4p02016 save
0
root file WZTo2Q2L_mllmin4p02016APV save
0
root file WZTo2Q2L_mllmin4p02017 save
0
root file WZTo2Q2L_mllmin4p02018 save
0.016132
root file WZTo3LNu2016 save
0.016132
root file WZTo3LNu2016APV save
0.027404
root file WZTo3LNu2017 save
0.0385225
root file WZTo3LNu2018 save
0.000212347
root file WZZ2016 save
0.000212347
root file WZZ2016APV save
0.000257767
root file WZZ2017 save
0.000372593
root file WZZ2018 save
0.000422104
root file WminusH_HToBB_WToLNu_M-1252016 save
0.000422104
root file WminusH_HToBB_WToLNu_M-1252016APV save
0.000458474
root file WminusH_HToBB_WToLNu_M-1252017 save
0.000640815
root file WminusH_HToBB_WToLNu_M-1252018 save
0.000676338
root file WplusH_HToBB_WToLNu_M-1252016 save
0.000676338
root file WplusH_HToBB_WToLNu_M-1252016APV save
0.000800184
root file WplusH_HToBB_WToLNu_M-1252017 save
0.00111141
root file WplusH_HToBB_WToLNu_M-1252018 save
0.000184651
root file ZH_HToBB_ZToLL_M-1252016 save
0.000184651
root file ZH_HToBB_ZToLL_M-1252016APV save
0.000239921
root file ZH_HToBB_ZToLL_M-1252017 save
0.000340153
root file ZH_HToBB_ZToLL_M-1252018 save
7.76356e-05
root file ZZJJTo4L2016 save
7.76356e-05
root file ZZJJTo4L2016APV save
9.53397e-05
root file ZZJJTo4L2017 save
0.000135219
root file ZZJJTo4L2018 save
0.00066296
root file ZZTo2L2Nu2016 save
0.00066296
root file ZZTo2L2Nu2016APV save
0.000584925
root file ZZTo2L2Nu2017 save
0.000524191
root file ZZTo2L2Nu2018 save
0
root file ZZTo2Q2L_mllmin4p02016 save
0
root file ZZTo2Q2L_mllmin4p02016APV save
0
root file ZZTo2Q2L_mllmin4p02017 save
0
root file ZZTo2Q2L_mllmin4p02018 save
root file ZZTo4L_M-1toInf2016 save
root file ZZTo4L_M-1toInf2016APV save
root file ZZTo4L_M-1toInf2017 save
0.00267314
root file ZZTo4L_M-1toInf2018 save
5.35554e-05
root file ZZZ2016 save
5.35554e-05
root file ZZZ2016APV save
6.47714e-05
root file ZZZ2017 save
0.000117729
root file ZZZ2018 save
2.03856e-05
root file ggZH_HToBB_ZToLL_M-1252016 save
2.03856e-05
root file ggZH_HToBB_ZToLL_M-1252016APV save
2.58559e-05
root file ggZH_HToBB_ZToLL_M-1252017 save
2.97593e-05
root file ggZH_HToBB_ZToLL_M-1252018 save
0.00159587
root file ttHToNonbb_M1252016 save
0.00159587
root file ttHToNonbb_M1252016APV save
0.00186636
root file ttHToNonbb_M1252017 save
0.00178458
root file ttHToNonbb_M1252018 save
0.000574317
root file ttHTobb_M1252016 save
0.000574317
root file ttHTobb_M1252016APV save
0.000767673
root file ttHTobb_M1252017 save
0.000825242
root file ttHTobb_M1252018 save
