----------------- Neural Network -----------------
NeuralNetwork(
  (layers): Sequential(
    (0): Linear(in_features=7, out_features=64, bias=True)
    (1): ReLU()
    (2): Linear(in_features=64, out_features=64, bias=True)
    (3): ReLU()
    (4): Linear(in_features=64, out_features=64, bias=True)
    (5): ReLU()
    (6): Linear(in_features=64, out_features=1, bias=True)
    (7): Sigmoid()
  )
)
Loading /blue/p.chang/yxiang/data/VBSVVH1lep/ABCDNet_simpleDisco_VBSVVH1lep_30/models/ABCDNet_simpleDisco_VBSVVH1lep_30_modelNeuralNetwork_nhidden3_hiddensize64_lrConstantLR0.001_discolambda30_epoch500_model.pt
Globbing /blue/p.chang/yxiang/data/VBSVVH1lep/ABCDNet_simpleDisco_VBSVVH1lep_30/datasets/ABCDNet_simpleDisco_VBSVVH1lep_30_*.pt
Loading /blue/p.chang/yxiang/data/VBSVVH1lep/ABCDNet_simpleDisco_VBSVVH1lep_30/datasets/ABCDNet_simpleDisco_VBSVVH1lep_30_allbkg.pt
DisCoDataset: 0.0 sig, 1004.3 bkg
0.0% complete
10.0% complete
20.0% complete
30.0% complete
40.0% complete
50.0% complete
60.0% complete
70.0% complete
80.0% complete
90.0% complete
100.0% complete
Wrote /blue/p.chang/yxiang/data/VBSVVH1lep/ABCDNet_simpleDisco_VBSVVH1lep_30/output/allbkg_abcdnet.root
Loading /blue/p.chang/yxiang/data/VBSVVH1lep/ABCDNet_simpleDisco_VBSVVH1lep_30/datasets/ABCDNet_simpleDisco_VBSVVH1lep_30_allsig.pt
DisCoDataset: 6.7 sig, 0.0 bkg
0.0% complete
10.0% complete
20.0% complete
30.0% complete
40.0% complete
50.0% complete
60.0% complete
70.0% complete
80.0% complete
90.0% complete
100.0% complete
Wrote /blue/p.chang/yxiang/data/VBSVVH1lep/ABCDNet_simpleDisco_VBSVVH1lep_30/output/allsig_abcdnet.root
Loading /blue/p.chang/yxiang/data/VBSVVH1lep/input/data3.root
0.0% complete
10.0% complete
20.0% complete
30.0% complete
40.0% complete
50.0% complete
60.0% complete
70.0% complete
80.0% complete
90.0% complete
100.0% complete
Wrote /blue/p.chang/yxiang/data/VBSVVH1lep/ABCDNet_simpleDisco_VBSVVH1lep_30/output/data3_abcdnet.root
Loading /blue/p.chang/yxiang/data/VBSVVH1lep/input/./allbkg4.root
0.0% complete
10.0% complete
20.0% complete
30.0% complete
40.0% complete
50.0% complete
60.0% complete
70.0% complete
80.0% complete
90.0% complete
100.0% complete
Wrote /blue/p.chang/yxiang/data/VBSVVH1lep/ABCDNet_simpleDisco_VBSVVH1lep_30/output/allbkg4_abcdnet.root
Loading /blue/p.chang/yxiang/data/VBSVVH1lep/input/./others.root
0.0% complete
10.0% complete
20.0% complete
30.0% complete
40.0% complete
50.0% complete
60.0% complete
70.0% complete
80.0% complete
90.0% complete
100.0% complete
Wrote /blue/p.chang/yxiang/data/VBSVVH1lep/ABCDNet_simpleDisco_VBSVVH1lep_30/output/others_abcdnet.root
Loading /blue/p.chang/yxiang/data/VBSVVH1lep/input/./st.root
0.0% complete
10.0% complete
20.0% complete
30.0% complete
40.0% complete
50.0% complete
60.0% complete
70.0% complete
80.0% complete
90.0% complete
100.0% complete
Wrote /blue/p.chang/yxiang/data/VBSVVH1lep/ABCDNet_simpleDisco_VBSVVH1lep_30/output/st_abcdnet.root
Loading /blue/p.chang/yxiang/data/VBSVVH1lep/input/./ttbar.root
0.0% complete
10.0% complete
20.0% complete
30.0% complete
40.0% complete
50.0% complete
60.0% complete
70.0% complete
80.0% complete
90.0% complete
100.0% complete
Wrote /blue/p.chang/yxiang/data/VBSVVH1lep/ABCDNet_simpleDisco_VBSVVH1lep_30/output/ttbar_abcdnet.root
Loading /blue/p.chang/yxiang/data/VBSVVH1lep/input/./ttbar0l.root
0.0% complete
10.9% complete
21.7% complete
30.4% complete
41.3% complete
50.0% complete
60.9% complete
71.7% complete
80.4% complete
91.3% complete
100.0% complete
Wrote /blue/p.chang/yxiang/data/VBSVVH1lep/ABCDNet_simpleDisco_VBSVVH1lep_30/output/ttbar0l_abcdnet.root
Loading /blue/p.chang/yxiang/data/VBSVVH1lep/input/./ttbar1l.root
0.0% complete
10.0% complete
20.0% complete
30.0% complete
40.0% complete
50.0% complete
60.0% complete
70.0% complete
80.0% complete
90.0% complete
100.0% complete
Wrote /blue/p.chang/yxiang/data/VBSVVH1lep/ABCDNet_simpleDisco_VBSVVH1lep_30/output/ttbar1l_abcdnet.root
Loading /blue/p.chang/yxiang/data/VBSVVH1lep/input/./ttbar2l.root
0.0% complete
10.0% complete
20.0% complete
30.0% complete
40.0% complete
50.0% complete
60.0% complete
70.0% complete
80.0% complete
90.0% complete
100.0% complete
Wrote /blue/p.chang/yxiang/data/VBSVVH1lep/ABCDNet_simpleDisco_VBSVVH1lep_30/output/ttbar2l_abcdnet.root
Loading /blue/p.chang/yxiang/data/VBSVVH1lep/input/./ttx.root
0.0% complete
10.0% complete
20.0% complete
30.0% complete
40.0% complete
50.0% complete
60.0% complete
70.0% complete
80.0% complete
90.0% complete
100.0% complete
Wrote /blue/p.chang/yxiang/data/VBSVVH1lep/ABCDNet_simpleDisco_VBSVVH1lep_30/output/ttx_abcdnet.root
Loading /blue/p.chang/yxiang/data/VBSVVH1lep/input/./wjets.root
0.0% complete
10.0% complete
20.0% complete
30.0% complete
40.0% complete
50.0% complete
60.0% complete
70.0% complete
80.0% complete
90.0% complete
100.0% complete
Wrote /blue/p.chang/yxiang/data/VBSVVH1lep/ABCDNet_simpleDisco_VBSVVH1lep_30/output/wjets_abcdnet.root
Loading /blue/p.chang/yxiang/data/VBSVVH1lep/input/./VBSVVHReweightJME_down.root
0.0% complete
10.0% complete
20.0% complete
30.0% complete
40.0% complete
50.0% complete
60.0% complete
70.0% complete
80.0% complete
90.0% complete
100.0% complete
Wrote /blue/p.chang/yxiang/data/VBSVVH1lep/ABCDNet_simpleDisco_VBSVVH1lep_30/output/VBSVVHReweightJME_down_abcdnet.root
Loading /blue/p.chang/yxiang/data/VBSVVH1lep/input/./VBSVVHReweightJME_up.root
0.0% complete
10.0% complete
20.0% complete
30.0% complete
40.0% complete
50.0% complete
60.0% complete
70.0% complete
80.0% complete
90.0% complete
100.0% complete
Wrote /blue/p.chang/yxiang/data/VBSVVH1lep/ABCDNet_simpleDisco_VBSVVH1lep_30/output/VBSVVHReweightJME_up_abcdnet.root
Loading /blue/p.chang/yxiang/data/VBSVVH1lep/input/./VBSVVHReweightMET_down.root
0.0% complete
10.0% complete
20.0% complete
30.0% complete
40.0% complete
50.0% complete
60.0% complete
70.0% complete
80.0% complete
90.0% complete
100.0% complete
Wrote /blue/p.chang/yxiang/data/VBSVVH1lep/ABCDNet_simpleDisco_VBSVVH1lep_30/output/VBSVVHReweightMET_down_abcdnet.root
Loading /blue/p.chang/yxiang/data/VBSVVH1lep/input/./VBSVVHReweightMET_up.root
0.0% complete
10.0% complete
20.0% complete
30.0% complete
40.0% complete
50.0% complete
60.0% complete
70.0% complete
80.0% complete
90.0% complete
100.0% complete
Wrote /blue/p.chang/yxiang/data/VBSVVH1lep/ABCDNet_simpleDisco_VBSVVH1lep_30/output/VBSVVHReweightMET_up_abcdnet.root
Loading /blue/p.chang/yxiang/data/VBSVVH1lep/input/./VBSVVHReweightFSR_down.root
0.0% complete
10.0% complete
20.0% complete
30.0% complete
40.0% complete
50.0% complete
60.0% complete
70.0% complete
80.0% complete
90.0% complete
100.0% complete
Wrote /blue/p.chang/yxiang/data/VBSVVH1lep/ABCDNet_simpleDisco_VBSVVH1lep_30/output/VBSVVHReweightFSR_down_abcdnet.root
Loading /blue/p.chang/yxiang/data/VBSVVH1lep/input/./VBSVVHReweightFSR_up.root
0.0% complete
10.0% complete
20.0% complete
30.0% complete
40.0% complete
50.0% complete
60.0% complete
70.0% complete
80.0% complete
90.0% complete
100.0% complete
Wrote /blue/p.chang/yxiang/data/VBSVVH1lep/ABCDNet_simpleDisco_VBSVVH1lep_30/output/VBSVVHReweightFSR_up_abcdnet.root
Loading /blue/p.chang/yxiang/data/VBSVVH1lep/input/./VBSVVHReweightISR_down.root
0.0% complete
10.0% complete
20.0% complete
30.0% complete
40.0% complete
50.0% complete
60.0% complete
70.0% complete
80.0% complete
90.0% complete
100.0% complete
Wrote /blue/p.chang/yxiang/data/VBSVVH1lep/ABCDNet_simpleDisco_VBSVVH1lep_30/output/VBSVVHReweightISR_down_abcdnet.root
Loading /blue/p.chang/yxiang/data/VBSVVH1lep/input/./VBSVVHReweightISR_up.root
0.0% complete
10.0% complete
20.0% complete
30.0% complete
40.0% complete
50.0% complete
60.0% complete
70.0% complete
80.0% complete
90.0% complete
100.0% complete
Wrote /blue/p.chang/yxiang/data/VBSVVH1lep/ABCDNet_simpleDisco_VBSVVH1lep_30/output/VBSVVHReweightISR_up_abcdnet.root
Loading /blue/p.chang/yxiang/data/VBSVVH1lep/input/./VBSVVHReweightLUM_down.root
0.0% complete
10.0% complete
20.0% complete
30.0% complete
40.0% complete
50.0% complete
60.0% complete
70.0% complete
80.0% complete
90.0% complete
100.0% complete
Wrote /blue/p.chang/yxiang/data/VBSVVH1lep/ABCDNet_simpleDisco_VBSVVH1lep_30/output/VBSVVHReweightLUM_down_abcdnet.root
Loading /blue/p.chang/yxiang/data/VBSVVH1lep/input/./VBSVVHReweightLUM_up.root
0.0% complete
10.0% complete
20.0% complete
30.0% complete
40.0% complete
50.0% complete
60.0% complete
70.0% complete
80.0% complete
90.0% complete
100.0% complete
Wrote /blue/p.chang/yxiang/data/VBSVVH1lep/ABCDNet_simpleDisco_VBSVVH1lep_30/output/VBSVVHReweightLUM_up_abcdnet.root
Loading /blue/p.chang/yxiang/data/VBSVVH1lep/input/./VBSVVHReweightPreFiring_down.root
0.0% complete
10.0% complete
20.0% complete
30.0% complete
40.0% complete
50.0% complete
60.0% complete
70.0% complete
80.0% complete
90.0% complete
100.0% complete
Wrote /blue/p.chang/yxiang/data/VBSVVH1lep/ABCDNet_simpleDisco_VBSVVH1lep_30/output/VBSVVHReweightPreFiring_down_abcdnet.root
Loading /blue/p.chang/yxiang/data/VBSVVH1lep/input/./VBSVVHReweightPreFiring_up.root
0.0% complete
10.0% complete
20.0% complete
30.0% complete
40.0% complete
50.0% complete
60.0% complete
70.0% complete
80.0% complete
90.0% complete
100.0% complete
Wrote /blue/p.chang/yxiang/data/VBSVVH1lep/ABCDNet_simpleDisco_VBSVVH1lep_30/output/VBSVVHReweightPreFiring_up_abcdnet.root
Loading /blue/p.chang/yxiang/data/VBSVVH1lep/input/./VBSVVHReweight2016APV_Hbb_down.root
0.0% complete
10.0% complete
20.0% complete
30.0% complete
40.0% complete
50.0% complete
60.0% complete
70.0% complete
80.0% complete
90.0% complete
100.0% complete
Wrote /blue/p.chang/yxiang/data/VBSVVH1lep/ABCDNet_simpleDisco_VBSVVH1lep_30/output/VBSVVHReweight2016APV_Hbb_down_abcdnet.root
Loading /blue/p.chang/yxiang/data/VBSVVH1lep/input/./VBSVVHReweight2016APV_Hbb_up.root
0.0% complete
10.0% complete
20.0% complete
30.0% complete
40.0% complete
50.0% complete
60.0% complete
70.0% complete
80.0% complete
90.0% complete
100.0% complete
Wrote /blue/p.chang/yxiang/data/VBSVVH1lep/ABCDNet_simpleDisco_VBSVVH1lep_30/output/VBSVVHReweight2016APV_Hbb_up_abcdnet.root
Loading /blue/p.chang/yxiang/data/VBSVVH1lep/input/./VBSVVHReweight2016APV_Wjet_down.root
0.0% complete
10.0% complete
20.0% complete
30.0% complete
40.0% complete
50.0% complete
60.0% complete
70.0% complete
80.0% complete
90.0% complete
100.0% complete
Wrote /blue/p.chang/yxiang/data/VBSVVH1lep/ABCDNet_simpleDisco_VBSVVH1lep_30/output/VBSVVHReweight2016APV_Wjet_down_abcdnet.root
Loading /blue/p.chang/yxiang/data/VBSVVH1lep/input/./VBSVVHReweight2016APV_Wjet_up.root
0.0% complete
10.0% complete
20.0% complete
30.0% complete
40.0% complete
50.0% complete
60.0% complete
70.0% complete
80.0% complete
90.0% complete
100.0% complete
Wrote /blue/p.chang/yxiang/data/VBSVVH1lep/ABCDNet_simpleDisco_VBSVVH1lep_30/output/VBSVVHReweight2016APV_Wjet_up_abcdnet.root
Loading /blue/p.chang/yxiang/data/VBSVVH1lep/input/./VBSVVHReweight2016_Hbb_down.root
0.0% complete
10.0% complete
20.0% complete
30.0% complete
40.0% complete
50.0% complete
60.0% complete
70.0% complete
80.0% complete
90.0% complete
100.0% complete
Wrote /blue/p.chang/yxiang/data/VBSVVH1lep/ABCDNet_simpleDisco_VBSVVH1lep_30/output/VBSVVHReweight2016_Hbb_down_abcdnet.root
Loading /blue/p.chang/yxiang/data/VBSVVH1lep/input/./VBSVVHReweight2016_Hbb_up.root
0.0% complete
10.0% complete
20.0% complete
30.0% complete
40.0% complete
50.0% complete
60.0% complete
70.0% complete
80.0% complete
90.0% complete
100.0% complete
Wrote /blue/p.chang/yxiang/data/VBSVVH1lep/ABCDNet_simpleDisco_VBSVVH1lep_30/output/VBSVVHReweight2016_Hbb_up_abcdnet.root
Loading /blue/p.chang/yxiang/data/VBSVVH1lep/input/./VBSVVHReweight2016_Wjet_down.root
0.0% complete
10.0% complete
20.0% complete
30.0% complete
40.0% complete
50.0% complete
60.0% complete
70.0% complete
80.0% complete
90.0% complete
100.0% complete
Wrote /blue/p.chang/yxiang/data/VBSVVH1lep/ABCDNet_simpleDisco_VBSVVH1lep_30/output/VBSVVHReweight2016_Wjet_down_abcdnet.root
Loading /blue/p.chang/yxiang/data/VBSVVH1lep/input/./VBSVVHReweight2016_Wjet_up.root
0.0% complete
10.0% complete
20.0% complete
30.0% complete
40.0% complete
50.0% complete
60.0% complete
70.0% complete
80.0% complete
90.0% complete
100.0% complete
Wrote /blue/p.chang/yxiang/data/VBSVVH1lep/ABCDNet_simpleDisco_VBSVVH1lep_30/output/VBSVVHReweight2016_Wjet_up_abcdnet.root
Loading /blue/p.chang/yxiang/data/VBSVVH1lep/input/./VBSVVHReweight2017_Hbb_down.root
0.0% complete
10.0% complete
20.0% complete
30.0% complete
40.0% complete
50.0% complete
60.0% complete
70.0% complete
80.0% complete
90.0% complete
100.0% complete
Wrote /blue/p.chang/yxiang/data/VBSVVH1lep/ABCDNet_simpleDisco_VBSVVH1lep_30/output/VBSVVHReweight2017_Hbb_down_abcdnet.root
Loading /blue/p.chang/yxiang/data/VBSVVH1lep/input/./VBSVVHReweightelec_Trig_down.root
0.0% complete
10.0% complete
20.0% complete
30.0% complete
40.0% complete
50.0% complete
60.0% complete
70.0% complete
80.0% complete
90.0% complete
100.0% complete
Wrote /blue/p.chang/yxiang/data/VBSVVH1lep/ABCDNet_simpleDisco_VBSVVH1lep_30/output/VBSVVHReweightelec_Trig_down_abcdnet.root
Loading /blue/p.chang/yxiang/data/VBSVVH1lep/input/./VBSVVHReweightelec_Trig_up.root
0.0% complete
10.0% complete
20.0% complete
30.0% complete
40.0% complete
50.0% complete
60.0% complete
70.0% complete
80.0% complete
90.0% complete
100.0% complete
Wrote /blue/p.chang/yxiang/data/VBSVVH1lep/ABCDNet_simpleDisco_VBSVVH1lep_30/output/VBSVVHReweightelec_Trig_up_abcdnet.root
Loading /blue/p.chang/yxiang/data/VBSVVH1lep/input/./VBSVVHReweight2017_Hbb_up.root
0.0% complete
10.0% complete
20.0% complete
30.0% complete
40.0% complete
50.0% complete
60.0% complete
70.0% complete
80.0% complete
90.0% complete
100.0% complete
Wrote /blue/p.chang/yxiang/data/VBSVVH1lep/ABCDNet_simpleDisco_VBSVVH1lep_30/output/VBSVVHReweight2017_Hbb_up_abcdnet.root
Loading /blue/p.chang/yxiang/data/VBSVVH1lep/input/./VBSVVHReweight2017_Wjet_down.root
0.0% complete
10.0% complete
20.0% complete
30.0% complete
40.0% complete
50.0% complete
60.0% complete
70.0% complete
80.0% complete
90.0% complete
100.0% complete
Wrote /blue/p.chang/yxiang/data/VBSVVH1lep/ABCDNet_simpleDisco_VBSVVH1lep_30/output/VBSVVHReweight2017_Wjet_down_abcdnet.root
Loading /blue/p.chang/yxiang/data/VBSVVH1lep/input/./VBSVVHReweight2017_Wjet_up.root
0.0% complete
10.0% complete
20.0% complete
30.0% complete
40.0% complete
50.0% complete
60.0% complete
70.0% complete
80.0% complete
90.0% complete
100.0% complete
Wrote /blue/p.chang/yxiang/data/VBSVVH1lep/ABCDNet_simpleDisco_VBSVVH1lep_30/output/VBSVVHReweight2017_Wjet_up_abcdnet.root
Loading /blue/p.chang/yxiang/data/VBSVVH1lep/input/./VBSVVHReweight2018_Hbb_down.root
0.0% complete
10.0% complete
20.0% complete
30.0% complete
40.0% complete
50.0% complete
60.0% complete
70.0% complete
80.0% complete
90.0% complete
100.0% complete
Wrote /blue/p.chang/yxiang/data/VBSVVH1lep/ABCDNet_simpleDisco_VBSVVH1lep_30/output/VBSVVHReweight2018_Hbb_down_abcdnet.root
Loading /blue/p.chang/yxiang/data/VBSVVH1lep/input/./VBSVVHReweight2018_Hbb_up.root
0.0% complete
10.0% complete
20.0% complete
30.0% complete
40.0% complete
50.0% complete
60.0% complete
70.0% complete
80.0% complete
90.0% complete
100.0% complete
Wrote /blue/p.chang/yxiang/data/VBSVVH1lep/ABCDNet_simpleDisco_VBSVVH1lep_30/output/VBSVVHReweight2018_Hbb_up_abcdnet.root
Loading /blue/p.chang/yxiang/data/VBSVVH1lep/input/./VBSVVHReweight2018_Wjet_down.root
0.0% complete
10.0% complete
20.0% complete
30.0% complete
40.0% complete
50.0% complete
60.0% complete
70.0% complete
80.0% complete
90.0% complete
100.0% complete
Wrote /blue/p.chang/yxiang/data/VBSVVH1lep/ABCDNet_simpleDisco_VBSVVH1lep_30/output/VBSVVHReweight2018_Wjet_down_abcdnet.root
Loading /blue/p.chang/yxiang/data/VBSVVH1lep/input/./VBSVVHReweight2018_Wjet_up.root
0.0% complete
10.0% complete
20.0% complete
30.0% complete
40.0% complete
50.0% complete
60.0% complete
70.0% complete
80.0% complete
90.0% complete
100.0% complete
Wrote /blue/p.chang/yxiang/data/VBSVVH1lep/ABCDNet_simpleDisco_VBSVVH1lep_30/output/VBSVVHReweight2018_Wjet_up_abcdnet.root
Loading /blue/p.chang/yxiang/data/VBSVVH1lep/input/./VBSVVHReweightak4Jet_JEC_Absolute_2016APV_down.root
0.0% complete
10.0% complete
20.0% complete
30.0% complete
40.0% complete
50.0% complete
60.0% complete
70.0% complete
80.0% complete
90.0% complete
100.0% complete
Wrote /blue/p.chang/yxiang/data/VBSVVH1lep/ABCDNet_simpleDisco_VBSVVH1lep_30/output/VBSVVHReweightak4Jet_JEC_Absolute_2016APV_down_abcdnet.root
Loading /blue/p.chang/yxiang/data/VBSVVH1lep/input/./VBSVVHReweightak4Jet_JEC_Absolute_2016APV_up.root
0.0% complete
10.0% complete
20.0% complete
30.0% complete
40.0% complete
50.0% complete
60.0% complete
70.0% complete
80.0% complete
90.0% complete
100.0% complete
Wrote /blue/p.chang/yxiang/data/VBSVVH1lep/ABCDNet_simpleDisco_VBSVVH1lep_30/output/VBSVVHReweightak4Jet_JEC_Absolute_2016APV_up_abcdnet.root
Loading /blue/p.chang/yxiang/data/VBSVVH1lep/input/./VBSVVHReweightak4Jet_JEC_Absolute_2016_down.root
0.0% complete
10.0% complete
20.0% complete
30.0% complete
40.0% complete
50.0% complete
60.0% complete
70.0% complete
80.0% complete
90.0% complete
100.0% complete
Wrote /blue/p.chang/yxiang/data/VBSVVH1lep/ABCDNet_simpleDisco_VBSVVH1lep_30/output/VBSVVHReweightak4Jet_JEC_Absolute_2016_down_abcdnet.root
Loading /blue/p.chang/yxiang/data/VBSVVH1lep/input/./VBSVVHReweightak4Jet_JEC_Absolute_2016_up.root
0.0% complete
10.0% complete
20.0% complete
30.0% complete
40.0% complete
50.0% complete
60.0% complete
70.0% complete
80.0% complete
90.0% complete
100.0% complete
Wrote /blue/p.chang/yxiang/data/VBSVVH1lep/ABCDNet_simpleDisco_VBSVVH1lep_30/output/VBSVVHReweightak4Jet_JEC_Absolute_2016_up_abcdnet.root
Loading /blue/p.chang/yxiang/data/VBSVVH1lep/input/./VBSVVHReweightak4Jet_JEC_Absolute_2017_down.root
0.0% complete
10.0% complete
20.0% complete
30.0% complete
40.0% complete
50.0% complete
60.0% complete
70.0% complete
80.0% complete
90.0% complete
100.0% complete
Wrote /blue/p.chang/yxiang/data/VBSVVH1lep/ABCDNet_simpleDisco_VBSVVH1lep_30/output/VBSVVHReweightak4Jet_JEC_Absolute_2017_down_abcdnet.root
Loading /blue/p.chang/yxiang/data/VBSVVH1lep/input/./VBSVVHReweightak4Jet_JEC_Absolute_2017_up.root
0.0% complete
10.0% complete
20.0% complete
30.0% complete
40.0% complete
50.0% complete
60.0% complete
70.0% complete
80.0% complete
90.0% complete
100.0% complete
Wrote /blue/p.chang/yxiang/data/VBSVVH1lep/ABCDNet_simpleDisco_VBSVVH1lep_30/output/VBSVVHReweightak4Jet_JEC_Absolute_2017_up_abcdnet.root
Loading /blue/p.chang/yxiang/data/VBSVVH1lep/input/./VBSVVHReweightak4Jet_JEC_Absolute_2018_down.root
0.0% complete
10.0% complete
20.0% complete
30.0% complete
40.0% complete
50.0% complete
60.0% complete
70.0% complete
80.0% complete
90.0% complete
100.0% complete
Wrote /blue/p.chang/yxiang/data/VBSVVH1lep/ABCDNet_simpleDisco_VBSVVH1lep_30/output/VBSVVHReweightak4Jet_JEC_Absolute_2018_down_abcdnet.root
Loading /blue/p.chang/yxiang/data/VBSVVH1lep/input/./VBSVVHReweightak4Jet_JEC_Absolute_2018_up.root
0.0% complete
10.0% complete
20.0% complete
30.0% complete
40.0% complete
50.0% complete
60.0% complete
70.0% complete
80.0% complete
90.0% complete
100.0% complete
Wrote /blue/p.chang/yxiang/data/VBSVVH1lep/ABCDNet_simpleDisco_VBSVVH1lep_30/output/VBSVVHReweightak4Jet_JEC_Absolute_2018_up_abcdnet.root
Loading /blue/p.chang/yxiang/data/VBSVVH1lep/input/./VBSVVHReweightak4Jet_JEC_Absolute_down.root
0.0% complete
10.0% complete
20.0% complete
30.0% complete
40.0% complete
50.0% complete
60.0% complete
70.0% complete
80.0% complete
90.0% complete
100.0% complete
Wrote /blue/p.chang/yxiang/data/VBSVVH1lep/ABCDNet_simpleDisco_VBSVVH1lep_30/output/VBSVVHReweightak4Jet_JEC_Absolute_down_abcdnet.root
Loading /blue/p.chang/yxiang/data/VBSVVH1lep/input/./VBSVVHReweightak4Jet_JEC_Absolute_up.root
0.0% complete
10.0% complete
20.0% complete
30.0% complete
40.0% complete
50.0% complete
60.0% complete
70.0% complete
80.0% complete
90.0% complete
100.0% complete
Wrote /blue/p.chang/yxiang/data/VBSVVH1lep/ABCDNet_simpleDisco_VBSVVH1lep_30/output/VBSVVHReweightak4Jet_JEC_Absolute_up_abcdnet.root
Loading /blue/p.chang/yxiang/data/VBSVVH1lep/input/./VBSVVHReweightak4Jet_JEC_BBEC1_2016APV_down.root
0.0% complete
10.0% complete
20.0% complete
30.0% complete
40.0% complete
50.0% complete
60.0% complete
70.0% complete
80.0% complete
90.0% complete
100.0% complete
Wrote /blue/p.chang/yxiang/data/VBSVVH1lep/ABCDNet_simpleDisco_VBSVVH1lep_30/output/VBSVVHReweightak4Jet_JEC_BBEC1_2016APV_down_abcdnet.root
Loading /blue/p.chang/yxiang/data/VBSVVH1lep/input/./VBSVVHReweightak4Jet_JEC_BBEC1_2016APV_up.root
0.0% complete
10.0% complete
20.0% complete
30.0% complete
40.0% complete
50.0% complete
60.0% complete
70.0% complete
80.0% complete
90.0% complete
100.0% complete
Wrote /blue/p.chang/yxiang/data/VBSVVH1lep/ABCDNet_simpleDisco_VBSVVH1lep_30/output/VBSVVHReweightak4Jet_JEC_BBEC1_2016APV_up_abcdnet.root
Loading /blue/p.chang/yxiang/data/VBSVVH1lep/input/./VBSVVHReweightak4Jet_JEC_BBEC1_2016_down.root
0.0% complete
10.0% complete
20.0% complete
30.0% complete
40.0% complete
50.0% complete
60.0% complete
70.0% complete
80.0% complete
90.0% complete
100.0% complete
Wrote /blue/p.chang/yxiang/data/VBSVVH1lep/ABCDNet_simpleDisco_VBSVVH1lep_30/output/VBSVVHReweightak4Jet_JEC_BBEC1_2016_down_abcdnet.root
Loading /blue/p.chang/yxiang/data/VBSVVH1lep/input/./VBSVVHReweightak4Jet_JEC_BBEC1_2016_up.root
0.0% complete
10.0% complete
20.0% complete
30.0% complete
40.0% complete
50.0% complete
60.0% complete
70.0% complete
80.0% complete
90.0% complete
100.0% complete
Wrote /blue/p.chang/yxiang/data/VBSVVH1lep/ABCDNet_simpleDisco_VBSVVH1lep_30/output/VBSVVHReweightak4Jet_JEC_BBEC1_2016_up_abcdnet.root
Loading /blue/p.chang/yxiang/data/VBSVVH1lep/input/./VBSVVHReweightak4Jet_JEC_BBEC1_2017_down.root
0.0% complete
10.0% complete
20.0% complete
30.0% complete
40.0% complete
50.0% complete
60.0% complete
70.0% complete
80.0% complete
90.0% complete
100.0% complete
Wrote /blue/p.chang/yxiang/data/VBSVVH1lep/ABCDNet_simpleDisco_VBSVVH1lep_30/output/VBSVVHReweightak4Jet_JEC_BBEC1_2017_down_abcdnet.root
Loading /blue/p.chang/yxiang/data/VBSVVH1lep/input/./VBSVVHReweightak4Jet_JEC_BBEC1_2017_up.root
0.0% complete
10.0% complete
20.0% complete
30.0% complete
40.0% complete
50.0% complete
60.0% complete
70.0% complete
80.0% complete
90.0% complete
100.0% complete
Wrote /blue/p.chang/yxiang/data/VBSVVH1lep/ABCDNet_simpleDisco_VBSVVH1lep_30/output/VBSVVHReweightak4Jet_JEC_BBEC1_2017_up_abcdnet.root
Loading /blue/p.chang/yxiang/data/VBSVVH1lep/input/./VBSVVHReweightak4Jet_JEC_BBEC1_2018_down.root
0.0% complete
10.0% complete
20.0% complete
30.0% complete
40.0% complete
50.0% complete
60.0% complete
70.0% complete
80.0% complete
90.0% complete
100.0% complete
Wrote /blue/p.chang/yxiang/data/VBSVVH1lep/ABCDNet_simpleDisco_VBSVVH1lep_30/output/VBSVVHReweightak4Jet_JEC_BBEC1_2018_down_abcdnet.root
Loading /blue/p.chang/yxiang/data/VBSVVH1lep/input/./VBSVVHReweightak4Jet_JEC_BBEC1_2018_up.root
0.0% complete
10.0% complete
20.0% complete
30.0% complete
40.0% complete
50.0% complete
60.0% complete
70.0% complete
80.0% complete
90.0% complete
100.0% complete
Wrote /blue/p.chang/yxiang/data/VBSVVH1lep/ABCDNet_simpleDisco_VBSVVH1lep_30/output/VBSVVHReweightak4Jet_JEC_BBEC1_2018_up_abcdnet.root
Loading /blue/p.chang/yxiang/data/VBSVVH1lep/input/./VBSVVHReweightak4Jet_JEC_BBEC1_down.root
0.0% complete
10.0% complete
20.0% complete
30.0% complete
40.0% complete
50.0% complete
60.0% complete
70.0% complete
80.0% complete
90.0% complete
100.0% complete
Wrote /blue/p.chang/yxiang/data/VBSVVH1lep/ABCDNet_simpleDisco_VBSVVH1lep_30/output/VBSVVHReweightak4Jet_JEC_BBEC1_down_abcdnet.root
Loading /blue/p.chang/yxiang/data/VBSVVH1lep/input/./VBSVVHReweightak4Jet_JEC_BBEC1_up.root
0.0% complete
10.0% complete
20.0% complete
30.0% complete
40.0% complete
50.0% complete
60.0% complete
70.0% complete
80.0% complete
90.0% complete
100.0% complete
Wrote /blue/p.chang/yxiang/data/VBSVVH1lep/ABCDNet_simpleDisco_VBSVVH1lep_30/output/VBSVVHReweightak4Jet_JEC_BBEC1_up_abcdnet.root
Loading /blue/p.chang/yxiang/data/VBSVVH1lep/input/./VBSVVHReweightak4Jet_JEC_EC2_2016APV_down.root
0.0% complete
10.0% complete
20.0% complete
30.0% complete
40.0% complete
50.0% complete
60.0% complete
70.0% complete
80.0% complete
90.0% complete
100.0% complete
Wrote /blue/p.chang/yxiang/data/VBSVVH1lep/ABCDNet_simpleDisco_VBSVVH1lep_30/output/VBSVVHReweightak4Jet_JEC_EC2_2016APV_down_abcdnet.root
Loading /blue/p.chang/yxiang/data/VBSVVH1lep/input/./VBSVVHReweightak4Jet_JEC_EC2_2016APV_up.root
0.0% complete
10.0% complete
20.0% complete
30.0% complete
40.0% complete
50.0% complete
60.0% complete
70.0% complete
80.0% complete
90.0% complete
100.0% complete
Wrote /blue/p.chang/yxiang/data/VBSVVH1lep/ABCDNet_simpleDisco_VBSVVH1lep_30/output/VBSVVHReweightak4Jet_JEC_EC2_2016APV_up_abcdnet.root
Loading /blue/p.chang/yxiang/data/VBSVVH1lep/input/./VBSVVHReweightak4Jet_JEC_EC2_2016_down.root
0.0% complete
10.0% complete
20.0% complete
30.0% complete
40.0% complete
50.0% complete
60.0% complete
70.0% complete
80.0% complete
90.0% complete
100.0% complete
Wrote /blue/p.chang/yxiang/data/VBSVVH1lep/ABCDNet_simpleDisco_VBSVVH1lep_30/output/VBSVVHReweightak4Jet_JEC_EC2_2016_down_abcdnet.root
Loading /blue/p.chang/yxiang/data/VBSVVH1lep/input/./VBSVVHReweightak4Jet_JEC_EC2_2016_up.root
0.0% complete
10.0% complete
20.0% complete
30.0% complete
40.0% complete
50.0% complete
60.0% complete
70.0% complete
80.0% complete
90.0% complete
100.0% complete
Wrote /blue/p.chang/yxiang/data/VBSVVH1lep/ABCDNet_simpleDisco_VBSVVH1lep_30/output/VBSVVHReweightak4Jet_JEC_EC2_2016_up_abcdnet.root
Loading /blue/p.chang/yxiang/data/VBSVVH1lep/input/./VBSVVHReweightak4Jet_JEC_EC2_2017_down.root
0.0% complete
10.0% complete
20.0% complete
30.0% complete
40.0% complete
50.0% complete
60.0% complete
70.0% complete
80.0% complete
90.0% complete
100.0% complete
Wrote /blue/p.chang/yxiang/data/VBSVVH1lep/ABCDNet_simpleDisco_VBSVVH1lep_30/output/VBSVVHReweightak4Jet_JEC_EC2_2017_down_abcdnet.root
Loading /blue/p.chang/yxiang/data/VBSVVH1lep/input/./VBSVVHReweightak4Jet_JEC_EC2_2017_up.root
0.0% complete
10.0% complete
20.0% complete
30.0% complete
40.0% complete
50.0% complete
60.0% complete
70.0% complete
80.0% complete
90.0% complete
100.0% complete
Wrote /blue/p.chang/yxiang/data/VBSVVH1lep/ABCDNet_simpleDisco_VBSVVH1lep_30/output/VBSVVHReweightak4Jet_JEC_EC2_2017_up_abcdnet.root
Loading /blue/p.chang/yxiang/data/VBSVVH1lep/input/./VBSVVHReweightak4Jet_JEC_EC2_2018_down.root
0.0% complete
10.0% complete
20.0% complete
30.0% complete
40.0% complete
50.0% complete
60.0% complete
70.0% complete
80.0% complete
90.0% complete
100.0% complete
Wrote /blue/p.chang/yxiang/data/VBSVVH1lep/ABCDNet_simpleDisco_VBSVVH1lep_30/output/VBSVVHReweightak4Jet_JEC_EC2_2018_down_abcdnet.root
Loading /blue/p.chang/yxiang/data/VBSVVH1lep/input/./VBSVVHReweightak4Jet_JEC_EC2_2018_up.root
0.0% complete
10.0% complete
20.0% complete
30.0% complete
40.0% complete
50.0% complete
60.0% complete
70.0% complete
80.0% complete
90.0% complete
100.0% complete
Wrote /blue/p.chang/yxiang/data/VBSVVH1lep/ABCDNet_simpleDisco_VBSVVH1lep_30/output/VBSVVHReweightak4Jet_JEC_EC2_2018_up_abcdnet.root
Loading /blue/p.chang/yxiang/data/VBSVVH1lep/input/./VBSVVHReweightak4Jet_JEC_EC2_down.root
0.0% complete
10.0% complete
20.0% complete
30.0% complete
40.0% complete
50.0% complete
60.0% complete
70.0% complete
80.0% complete
90.0% complete
100.0% complete
Wrote /blue/p.chang/yxiang/data/VBSVVH1lep/ABCDNet_simpleDisco_VBSVVH1lep_30/output/VBSVVHReweightak4Jet_JEC_EC2_down_abcdnet.root
Loading /blue/p.chang/yxiang/data/VBSVVH1lep/input/./VBSVVHReweightak4Jet_JEC_EC2_up.root
0.0% complete
10.0% complete
20.0% complete
30.0% complete
40.0% complete
50.0% complete
60.0% complete
70.0% complete
80.0% complete
90.0% complete
100.0% complete
Wrote /blue/p.chang/yxiang/data/VBSVVH1lep/ABCDNet_simpleDisco_VBSVVH1lep_30/output/VBSVVHReweightak4Jet_JEC_EC2_up_abcdnet.root
Loading /blue/p.chang/yxiang/data/VBSVVH1lep/input/./VBSVVHReweightak4Jet_JEC_FlavorQCD_down.root
0.0% complete
10.0% complete
20.0% complete
30.0% complete
40.0% complete
50.0% complete
60.0% complete
70.0% complete
80.0% complete
90.0% complete
100.0% complete
Wrote /blue/p.chang/yxiang/data/VBSVVH1lep/ABCDNet_simpleDisco_VBSVVH1lep_30/output/VBSVVHReweightak4Jet_JEC_FlavorQCD_down_abcdnet.root
Loading /blue/p.chang/yxiang/data/VBSVVH1lep/input/./VBSVVHReweightak4Jet_JEC_FlavorQCD_up.root
0.0% complete
10.0% complete
20.0% complete
30.0% complete
40.0% complete
50.0% complete
60.0% complete
70.0% complete
80.0% complete
90.0% complete
100.0% complete
Wrote /blue/p.chang/yxiang/data/VBSVVH1lep/ABCDNet_simpleDisco_VBSVVH1lep_30/output/VBSVVHReweightak4Jet_JEC_FlavorQCD_up_abcdnet.root
Loading /blue/p.chang/yxiang/data/VBSVVH1lep/input/./VBSVVHReweightak4Jet_JEC_HF_2016APV_down.root
0.0% complete
10.0% complete
20.0% complete
30.0% complete
40.0% complete
50.0% complete
60.0% complete
70.0% complete
80.0% complete
90.0% complete
100.0% complete
Wrote /blue/p.chang/yxiang/data/VBSVVH1lep/ABCDNet_simpleDisco_VBSVVH1lep_30/output/VBSVVHReweightak4Jet_JEC_HF_2016APV_down_abcdnet.root
Loading /blue/p.chang/yxiang/data/VBSVVH1lep/input/./VBSVVHReweightak4Jet_JEC_HF_2016APV_up.root
0.0% complete
10.0% complete
20.0% complete
30.0% complete
40.0% complete
50.0% complete
60.0% complete
70.0% complete
80.0% complete
90.0% complete
100.0% complete
Wrote /blue/p.chang/yxiang/data/VBSVVH1lep/ABCDNet_simpleDisco_VBSVVH1lep_30/output/VBSVVHReweightak4Jet_JEC_HF_2016APV_up_abcdnet.root
Loading /blue/p.chang/yxiang/data/VBSVVH1lep/input/./VBSVVHReweightak4Jet_JEC_HF_2016_down.root
0.0% complete
10.0% complete
20.0% complete
30.0% complete
40.0% complete
50.0% complete
60.0% complete
70.0% complete
80.0% complete
90.0% complete
100.0% complete
Wrote /blue/p.chang/yxiang/data/VBSVVH1lep/ABCDNet_simpleDisco_VBSVVH1lep_30/output/VBSVVHReweightak4Jet_JEC_HF_2016_down_abcdnet.root
Loading /blue/p.chang/yxiang/data/VBSVVH1lep/input/./VBSVVHReweightak4Jet_JEC_HF_2016_up.root
0.0% complete
10.0% complete
20.0% complete
30.0% complete
40.0% complete
50.0% complete
60.0% complete
70.0% complete
80.0% complete
90.0% complete
100.0% complete
Wrote /blue/p.chang/yxiang/data/VBSVVH1lep/ABCDNet_simpleDisco_VBSVVH1lep_30/output/VBSVVHReweightak4Jet_JEC_HF_2016_up_abcdnet.root
Loading /blue/p.chang/yxiang/data/VBSVVH1lep/input/./VBSVVHReweightak4Jet_JEC_HF_2017_down.root
0.0% complete
10.0% complete
20.0% complete
30.0% complete
40.0% complete
50.0% complete
60.0% complete
70.0% complete
80.0% complete
90.0% complete
100.0% complete
Wrote /blue/p.chang/yxiang/data/VBSVVH1lep/ABCDNet_simpleDisco_VBSVVH1lep_30/output/VBSVVHReweightak4Jet_JEC_HF_2017_down_abcdnet.root
Loading /blue/p.chang/yxiang/data/VBSVVH1lep/input/./VBSVVHReweightak4Jet_JEC_HF_2017_up.root
0.0% complete
10.0% complete
20.0% complete
30.0% complete
40.0% complete
50.0% complete
60.0% complete
70.0% complete
80.0% complete
90.0% complete
100.0% complete
Wrote /blue/p.chang/yxiang/data/VBSVVH1lep/ABCDNet_simpleDisco_VBSVVH1lep_30/output/VBSVVHReweightak4Jet_JEC_HF_2017_up_abcdnet.root
Loading /blue/p.chang/yxiang/data/VBSVVH1lep/input/./VBSVVHReweightak4Jet_JEC_HF_2018_down.root
0.0% complete
10.0% complete
20.0% complete
30.0% complete
40.0% complete
50.0% complete
60.0% complete
70.0% complete
80.0% complete
90.0% complete
100.0% complete
Wrote /blue/p.chang/yxiang/data/VBSVVH1lep/ABCDNet_simpleDisco_VBSVVH1lep_30/output/VBSVVHReweightak4Jet_JEC_HF_2018_down_abcdnet.root
Loading /blue/p.chang/yxiang/data/VBSVVH1lep/input/./VBSVVHReweightak4Jet_JEC_HF_2018_up.root
0.0% complete
10.0% complete
20.0% complete
30.0% complete
40.0% complete
50.0% complete
60.0% complete
70.0% complete
80.0% complete
90.0% complete
100.0% complete
Wrote /blue/p.chang/yxiang/data/VBSVVH1lep/ABCDNet_simpleDisco_VBSVVH1lep_30/output/VBSVVHReweightak4Jet_JEC_HF_2018_up_abcdnet.root
Loading /blue/p.chang/yxiang/data/VBSVVH1lep/input/./VBSVVHReweightak4Jet_JEC_HF_down.root
0.0% complete
10.0% complete
20.0% complete
30.0% complete
40.0% complete
50.0% complete
60.0% complete
70.0% complete
80.0% complete
90.0% complete
100.0% complete
Wrote /blue/p.chang/yxiang/data/VBSVVH1lep/ABCDNet_simpleDisco_VBSVVH1lep_30/output/VBSVVHReweightak4Jet_JEC_HF_down_abcdnet.root
Loading /blue/p.chang/yxiang/data/VBSVVH1lep/input/./VBSVVHReweightak4Jet_JEC_HF_up.root
0.0% complete
10.0% complete
20.0% complete
30.0% complete
40.0% complete
50.0% complete
60.0% complete
70.0% complete
80.0% complete
90.0% complete
100.0% complete
Wrote /blue/p.chang/yxiang/data/VBSVVH1lep/ABCDNet_simpleDisco_VBSVVH1lep_30/output/VBSVVHReweightak4Jet_JEC_HF_up_abcdnet.root
Loading /blue/p.chang/yxiang/data/VBSVVH1lep/input/./VBSVVHReweightak4Jet_JEC_RelativeBal_down.root
0.0% complete
10.0% complete
20.0% complete
30.0% complete
40.0% complete
50.0% complete
60.0% complete
70.0% complete
80.0% complete
90.0% complete
100.0% complete
Wrote /blue/p.chang/yxiang/data/VBSVVH1lep/ABCDNet_simpleDisco_VBSVVH1lep_30/output/VBSVVHReweightak4Jet_JEC_RelativeBal_down_abcdnet.root
Loading /blue/p.chang/yxiang/data/VBSVVH1lep/input/./VBSVVHReweightak4Jet_JEC_RelativeBal_up.root
0.0% complete
10.0% complete
20.0% complete
30.0% complete
40.0% complete
50.0% complete
60.0% complete
70.0% complete
80.0% complete
90.0% complete
100.0% complete
Wrote /blue/p.chang/yxiang/data/VBSVVH1lep/ABCDNet_simpleDisco_VBSVVH1lep_30/output/VBSVVHReweightak4Jet_JEC_RelativeBal_up_abcdnet.root
Loading /blue/p.chang/yxiang/data/VBSVVH1lep/input/./VBSVVHReweightak4Jet_JEC_RelativeSample_2016APV_down.root
0.0% complete
10.0% complete
20.0% complete
30.0% complete
40.0% complete
50.0% complete
60.0% complete
70.0% complete
80.0% complete
90.0% complete
100.0% complete
Wrote /blue/p.chang/yxiang/data/VBSVVH1lep/ABCDNet_simpleDisco_VBSVVH1lep_30/output/VBSVVHReweightak4Jet_JEC_RelativeSample_2016APV_down_abcdnet.root
Loading /blue/p.chang/yxiang/data/VBSVVH1lep/input/./VBSVVHReweightak4Jet_JEC_RelativeSample_2016APV_up.root
0.0% complete
10.0% complete
20.0% complete
30.0% complete
40.0% complete
50.0% complete
60.0% complete
70.0% complete
80.0% complete
90.0% complete
100.0% complete
Wrote /blue/p.chang/yxiang/data/VBSVVH1lep/ABCDNet_simpleDisco_VBSVVH1lep_30/output/VBSVVHReweightak4Jet_JEC_RelativeSample_2016APV_up_abcdnet.root
Loading /blue/p.chang/yxiang/data/VBSVVH1lep/input/./VBSVVHReweightak4Jet_JEC_RelativeSample_2016_down.root
0.0% complete
10.0% complete
20.0% complete
30.0% complete
40.0% complete
50.0% complete
60.0% complete
70.0% complete
80.0% complete
90.0% complete
100.0% complete
Wrote /blue/p.chang/yxiang/data/VBSVVH1lep/ABCDNet_simpleDisco_VBSVVH1lep_30/output/VBSVVHReweightak4Jet_JEC_RelativeSample_2016_down_abcdnet.root
Loading /blue/p.chang/yxiang/data/VBSVVH1lep/input/./VBSVVHReweightak4Jet_JEC_RelativeSample_2016_up.root
0.0% complete
10.0% complete
20.0% complete
30.0% complete
40.0% complete
50.0% complete
60.0% complete
70.0% complete
80.0% complete
90.0% complete
100.0% complete
Wrote /blue/p.chang/yxiang/data/VBSVVH1lep/ABCDNet_simpleDisco_VBSVVH1lep_30/output/VBSVVHReweightak4Jet_JEC_RelativeSample_2016_up_abcdnet.root
Loading /blue/p.chang/yxiang/data/VBSVVH1lep/input/./VBSVVHReweightak4Jet_JEC_RelativeSample_2017_down.root
0.0% complete
10.0% complete
20.0% complete
30.0% complete
40.0% complete
50.0% complete
60.0% complete
70.0% complete
80.0% complete
90.0% complete
100.0% complete
Wrote /blue/p.chang/yxiang/data/VBSVVH1lep/ABCDNet_simpleDisco_VBSVVH1lep_30/output/VBSVVHReweightak4Jet_JEC_RelativeSample_2017_down_abcdnet.root
Loading /blue/p.chang/yxiang/data/VBSVVH1lep/input/./VBSVVHReweightak4Jet_JEC_RelativeSample_2017_up.root
0.0% complete
10.0% complete
20.0% complete
30.0% complete
40.0% complete
50.0% complete
60.0% complete
70.0% complete
80.0% complete
90.0% complete
100.0% complete
Wrote /blue/p.chang/yxiang/data/VBSVVH1lep/ABCDNet_simpleDisco_VBSVVH1lep_30/output/VBSVVHReweightak4Jet_JEC_RelativeSample_2017_up_abcdnet.root
Loading /blue/p.chang/yxiang/data/VBSVVH1lep/input/./VBSVVHReweightak4Jet_JEC_RelativeSample_2018_down.root
0.0% complete
10.0% complete
20.0% complete
30.0% complete
40.0% complete
50.0% complete
60.0% complete
70.0% complete
80.0% complete
90.0% complete
100.0% complete
Wrote /blue/p.chang/yxiang/data/VBSVVH1lep/ABCDNet_simpleDisco_VBSVVH1lep_30/output/VBSVVHReweightak4Jet_JEC_RelativeSample_2018_down_abcdnet.root
Loading /blue/p.chang/yxiang/data/VBSVVH1lep/input/./VBSVVHReweightak4Jet_JEC_RelativeSample_2018_up.root
0.0% complete
10.0% complete
20.0% complete
30.0% complete
40.0% complete
50.0% complete
60.0% complete
70.0% complete
80.0% complete
90.0% complete
100.0% complete
Wrote /blue/p.chang/yxiang/data/VBSVVH1lep/ABCDNet_simpleDisco_VBSVVH1lep_30/output/VBSVVHReweightak4Jet_JEC_RelativeSample_2018_up_abcdnet.root
Loading /blue/p.chang/yxiang/data/VBSVVH1lep/input/./VBSVVHReweightak4Jet_JER_down.root
0.0% complete
10.0% complete
20.0% complete
30.0% complete
40.0% complete
50.0% complete
60.0% complete
70.0% complete
80.0% complete
90.0% complete
100.0% complete
Wrote /blue/p.chang/yxiang/data/VBSVVH1lep/ABCDNet_simpleDisco_VBSVVH1lep_30/output/VBSVVHReweightak4Jet_JER_down_abcdnet.root
Loading /blue/p.chang/yxiang/data/VBSVVH1lep/input/./VBSVVHReweightak4Jet_JER_up.root
0.0% complete
10.0% complete
20.0% complete
30.0% complete
40.0% complete
50.0% complete
60.0% complete
70.0% complete
80.0% complete
90.0% complete
100.0% complete
Wrote /blue/p.chang/yxiang/data/VBSVVH1lep/ABCDNet_simpleDisco_VBSVVH1lep_30/output/VBSVVHReweightak4Jet_JER_up_abcdnet.root
Loading /blue/p.chang/yxiang/data/VBSVVH1lep/input/./VBSVVHReweightbtag_HF_down.root
0.0% complete
10.0% complete
20.0% complete
30.0% complete
40.0% complete
50.0% complete
60.0% complete
70.0% complete
80.0% complete
90.0% complete
100.0% complete
Wrote /blue/p.chang/yxiang/data/VBSVVH1lep/ABCDNet_simpleDisco_VBSVVH1lep_30/output/VBSVVHReweightbtag_HF_down_abcdnet.root
Loading /blue/p.chang/yxiang/data/VBSVVH1lep/input/./VBSVVHReweightbtag_HF_up.root
0.0% complete
10.0% complete
20.0% complete
30.0% complete
40.0% complete
50.0% complete
60.0% complete
70.0% complete
80.0% complete
90.0% complete
100.0% complete
Wrote /blue/p.chang/yxiang/data/VBSVVH1lep/ABCDNet_simpleDisco_VBSVVH1lep_30/output/VBSVVHReweightbtag_HF_up_abcdnet.root
Loading /blue/p.chang/yxiang/data/VBSVVH1lep/input/./VBSVVHReweightbtag_LF_down.root
0.0% complete
10.0% complete
20.0% complete
30.0% complete
40.0% complete
50.0% complete
60.0% complete
70.0% complete
80.0% complete
90.0% complete
100.0% complete
Wrote /blue/p.chang/yxiang/data/VBSVVH1lep/ABCDNet_simpleDisco_VBSVVH1lep_30/output/VBSVVHReweightbtag_LF_down_abcdnet.root
Loading /blue/p.chang/yxiang/data/VBSVVH1lep/input/./VBSVVHReweightbtag_LF_up.root
0.0% complete
10.0% complete
20.0% complete
30.0% complete
40.0% complete
50.0% complete
60.0% complete
70.0% complete
80.0% complete
90.0% complete
100.0% complete
Wrote /blue/p.chang/yxiang/data/VBSVVH1lep/ABCDNet_simpleDisco_VBSVVH1lep_30/output/VBSVVHReweightbtag_LF_up_abcdnet.root
Loading /blue/p.chang/yxiang/data/VBSVVH1lep/input/./VBSVVHReweightcentral.root
0.0% complete
10.0% complete
20.0% complete
30.0% complete
40.0% complete
50.0% complete
60.0% complete
70.0% complete
80.0% complete
90.0% complete
100.0% complete
Wrote /blue/p.chang/yxiang/data/VBSVVH1lep/ABCDNet_simpleDisco_VBSVVH1lep_30/output/VBSVVHReweightcentral_abcdnet.root
Loading /blue/p.chang/yxiang/data/VBSVVH1lep/input/./VBSVVHReweightelec_Reco_down.root
0.0% complete
10.0% complete
20.0% complete
30.0% complete
40.0% complete
50.0% complete
60.0% complete
70.0% complete
80.0% complete
90.0% complete
100.0% complete
Wrote /blue/p.chang/yxiang/data/VBSVVH1lep/ABCDNet_simpleDisco_VBSVVH1lep_30/output/VBSVVHReweightelec_Reco_down_abcdnet.root
Loading /blue/p.chang/yxiang/data/VBSVVH1lep/input/./VBSVVHReweightelec_Reco_ttH_down.root
0.0% complete
10.0% complete
20.0% complete
30.0% complete
40.0% complete
50.0% complete
60.0% complete
70.0% complete
80.0% complete
90.0% complete
100.0% complete
Wrote /blue/p.chang/yxiang/data/VBSVVH1lep/ABCDNet_simpleDisco_VBSVVH1lep_30/output/VBSVVHReweightelec_Reco_ttH_down_abcdnet.root
Loading /blue/p.chang/yxiang/data/VBSVVH1lep/input/./VBSVVHReweightelec_Reco_ttH_up.root
0.0% complete
10.0% complete
20.0% complete
30.0% complete
40.0% complete
50.0% complete
60.0% complete
70.0% complete
80.0% complete
90.0% complete
100.0% complete
Wrote /blue/p.chang/yxiang/data/VBSVVH1lep/ABCDNet_simpleDisco_VBSVVH1lep_30/output/VBSVVHReweightelec_Reco_ttH_up_abcdnet.root
Loading /blue/p.chang/yxiang/data/VBSVVH1lep/input/./VBSVVHReweightelec_Reco_up.root
0.0% complete
10.0% complete
20.0% complete
30.0% complete
40.0% complete
50.0% complete
60.0% complete
70.0% complete
80.0% complete
90.0% complete
100.0% complete
Wrote /blue/p.chang/yxiang/data/VBSVVH1lep/ABCDNet_simpleDisco_VBSVVH1lep_30/output/VBSVVHReweightelec_Reco_up_abcdnet.root
Loading /blue/p.chang/yxiang/data/VBSVVH1lep/input/./VBSVVHReweightelec_ttH_tight_down.root
0.0% complete
10.0% complete
20.0% complete
30.0% complete
40.0% complete
50.0% complete
60.0% complete
70.0% complete
80.0% complete
90.0% complete
100.0% complete
Wrote /blue/p.chang/yxiang/data/VBSVVH1lep/ABCDNet_simpleDisco_VBSVVH1lep_30/output/VBSVVHReweightelec_ttH_tight_down_abcdnet.root
Loading /blue/p.chang/yxiang/data/VBSVVH1lep/input/./VBSVVHReweightelec_ttH_tight_up.root
0.0% complete
10.0% complete
20.0% complete
30.0% complete
40.0% complete
50.0% complete
60.0% complete
70.0% complete
80.0% complete
90.0% complete
100.0% complete
Wrote /blue/p.chang/yxiang/data/VBSVVH1lep/ABCDNet_simpleDisco_VBSVVH1lep_30/output/VBSVVHReweightelec_ttH_tight_up_abcdnet.root
Loading /blue/p.chang/yxiang/data/VBSVVH1lep/input/./VBSVVHReweightmuF_down.root
0.0% complete
10.0% complete
20.0% complete
30.0% complete
40.0% complete
50.0% complete
60.0% complete
70.0% complete
80.0% complete
90.0% complete
100.0% complete
Wrote /blue/p.chang/yxiang/data/VBSVVH1lep/ABCDNet_simpleDisco_VBSVVH1lep_30/output/VBSVVHReweightmuF_down_abcdnet.root
Loading /blue/p.chang/yxiang/data/VBSVVH1lep/input/./VBSVVHReweightmuF_up.root
0.0% complete
10.0% complete
20.0% complete
30.0% complete
40.0% complete
50.0% complete
60.0% complete
70.0% complete
80.0% complete
90.0% complete
100.0% complete
Wrote /blue/p.chang/yxiang/data/VBSVVH1lep/ABCDNet_simpleDisco_VBSVVH1lep_30/output/VBSVVHReweightmuF_up_abcdnet.root
Loading /blue/p.chang/yxiang/data/VBSVVH1lep/input/./VBSVVHReweightmuR_down.root
0.0% complete
10.0% complete
20.0% complete
30.0% complete
40.0% complete
50.0% complete
60.0% complete
70.0% complete
80.0% complete
90.0% complete
100.0% complete
Wrote /blue/p.chang/yxiang/data/VBSVVH1lep/ABCDNet_simpleDisco_VBSVVH1lep_30/output/VBSVVHReweightmuR_down_abcdnet.root
Loading /blue/p.chang/yxiang/data/VBSVVH1lep/input/./VBSVVHReweightmuR_up.root
0.0% complete
10.0% complete
20.0% complete
30.0% complete
40.0% complete
50.0% complete
60.0% complete
70.0% complete
80.0% complete
90.0% complete
100.0% complete
Wrote /blue/p.chang/yxiang/data/VBSVVH1lep/ABCDNet_simpleDisco_VBSVVH1lep_30/output/VBSVVHReweightmuR_up_abcdnet.root
Loading /blue/p.chang/yxiang/data/VBSVVH1lep/input/./VBSVVHReweightmuon_Reco_down.root
0.0% complete
10.0% complete
20.0% complete
30.0% complete
40.0% complete
50.0% complete
60.0% complete
70.0% complete
80.0% complete
90.0% complete
100.0% complete
Wrote /blue/p.chang/yxiang/data/VBSVVH1lep/ABCDNet_simpleDisco_VBSVVH1lep_30/output/VBSVVHReweightmuon_Reco_down_abcdnet.root
Loading /blue/p.chang/yxiang/data/VBSVVH1lep/input/./VBSVVHReweightmuon_Reco_ttH_down.root
0.0% complete
10.0% complete
20.0% complete
30.0% complete
40.0% complete
50.0% complete
60.0% complete
70.0% complete
80.0% complete
90.0% complete
100.0% complete
Wrote /blue/p.chang/yxiang/data/VBSVVH1lep/ABCDNet_simpleDisco_VBSVVH1lep_30/output/VBSVVHReweightmuon_Reco_ttH_down_abcdnet.root
Loading /blue/p.chang/yxiang/data/VBSVVH1lep/input/./VBSVVHReweightmuon_Reco_ttH_up.root
0.0% complete
10.0% complete
20.0% complete
30.0% complete
40.0% complete
50.0% complete
60.0% complete
70.0% complete
80.0% complete
90.0% complete
100.0% complete
Wrote /blue/p.chang/yxiang/data/VBSVVH1lep/ABCDNet_simpleDisco_VBSVVH1lep_30/output/VBSVVHReweightmuon_Reco_ttH_up_abcdnet.root
Loading /blue/p.chang/yxiang/data/VBSVVH1lep/input/./VBSVVHReweightmuon_Reco_up.root
0.0% complete
10.0% complete
20.0% complete
30.0% complete
40.0% complete
50.0% complete
60.0% complete
70.0% complete
80.0% complete
90.0% complete
100.0% complete
Wrote /blue/p.chang/yxiang/data/VBSVVH1lep/ABCDNet_simpleDisco_VBSVVH1lep_30/output/VBSVVHReweightmuon_Reco_up_abcdnet.root
Loading /blue/p.chang/yxiang/data/VBSVVH1lep/input/./VBSVVHReweightmuon_ttH_tight_down.root
0.0% complete
10.0% complete
20.0% complete
30.0% complete
40.0% complete
50.0% complete
60.0% complete
70.0% complete
80.0% complete
90.0% complete
100.0% complete
Wrote /blue/p.chang/yxiang/data/VBSVVH1lep/ABCDNet_simpleDisco_VBSVVH1lep_30/output/VBSVVHReweightmuon_ttH_tight_down_abcdnet.root
Loading /blue/p.chang/yxiang/data/VBSVVH1lep/input/./VBSVVHReweightmuon_ttH_tight_up.root
0.0% complete
10.0% complete
20.0% complete
30.0% complete
40.0% complete
50.0% complete
60.0% complete
70.0% complete
80.0% complete
90.0% complete
100.0% complete
Wrote /blue/p.chang/yxiang/data/VBSVVH1lep/ABCDNet_simpleDisco_VBSVVH1lep_30/output/VBSVVHReweightmuon_ttH_tight_up_abcdnet.root
Loading /blue/p.chang/yxiang/data/VBSVVH1lep/input/allsig2.root
0.0% complete
10.0% complete
20.0% complete
30.0% complete
40.0% complete
50.0% complete
60.0% complete
70.0% complete
80.0% complete
90.0% complete
100.0% complete
Wrote /blue/p.chang/yxiang/data/VBSVVH1lep/ABCDNet_simpleDisco_VBSVVH1lep_30/output/allsig2_abcdnet.root
Loading /blue/p.chang/yxiang/data/VBSVVH1lep/input/allbkg2.root
0.0% complete
10.0% complete
20.0% complete
30.0% complete
40.0% complete
50.0% complete
60.0% complete
70.0% complete
80.0% complete
90.0% complete
100.0% complete
Wrote /blue/p.chang/yxiang/data/VBSVVH1lep/ABCDNet_simpleDisco_VBSVVH1lep_30/output/allbkg2_abcdnet.root
Avg. inference time: 0.00020600951495480682s

Done.

